2022-10-30T18:43:29.156900+0500 INFO (k,l) - координаты первого поля, (m,n) - второго. Введите соответствующие координаты (от 1 до 8) 
2022-10-30T18:43:45.271240+0500 INFO первая координата введена (info)
2022-10-30T18:43:45.271240+0500 INFO проверка на число:пройдена (info)
2022-10-30T18:43:47.051344+0500 INFO вторая координата введена (info)
2022-10-30T18:43:47.051344+0500 INFO проверка на число:пройдена (info)
2022-10-30T18:43:49.049689+0500 INFO третья координата введена (info)
2022-10-30T18:43:49.050426+0500 INFO проверка на число:пройдена (info)
2022-10-30T18:43:51.163569+0500 INFO четвёртая координата введена (info)
2022-10-30T18:43:51.163569+0500 INFO проверка на число:пройдена (info)
2022-10-30T18:43:51.163569+0500 INFO Поля не одного цвета (info)
2022-10-30T18:43:54.484368+0500 INFO номер фигуры введён (info)
2022-10-30T18:43:54.484368+0500 INFO проверка на число:пройдена (info)
2022-10-30T18:43:54.485308+0500 INFO Конь НЕ угрожает полю (m, n) (info)
2022-10-30T18:43:58.169622+0500 INFO номер фигуры введён (info)
2022-10-30T18:43:58.170619+0500 INFO проверка на число:пройдена (info)
2022-10-30T18:43:58.170619+0500 INFO Слон не может попасть на поле (m, n), так как поля разного цвета (info)
2022-10-30T18:44:17.465236+0500 INFO (k,l) - координаты первого поля, (m,n) - второго. Введите соответствующие координаты (от 1 до 8) 
2022-10-30T18:44:20.079750+0500 INFO первая координата введена (info)
2022-10-30T18:44:20.079750+0500 INFO проверка на число:пройдена (info)
2022-10-30T18:44:21.718280+0500 INFO вторая координата введена (info)
2022-10-30T18:44:21.718280+0500 INFO проверка на число:пройдена (info)
2022-10-30T18:44:24.171644+0500 INFO третья координата введена (info)
2022-10-30T18:44:24.172539+0500 INFO проверка на число:пройдена (info)
2022-10-30T18:44:26.473284+0500 INFO четвёртая координата введена (info)
2022-10-30T18:44:26.473284+0500 INFO проверка на число:пройдена (info)
2022-10-30T18:44:26.473284+0500 INFO Поля одного цвета (info)
2022-10-30T18:44:32.593737+0500 INFO номер фигуры введён (info)
2022-10-30T18:44:32.594590+0500 INFO проверка на число:пройдена (info)
2022-10-30T18:44:32.594590+0500 INFO Ладья НЕ угрожает полю (m, n) (info)
2022-10-30T18:44:38.088625+0500 INFO номер фигуры введён (info)
2022-10-30T18:44:38.088625+0500 INFO проверка на число:пройдена (info)
2022-10-30T18:44:38.088625+0500 INFO чтобы попасть на поле (2,6) нужно переместиться на поле (6;2) (info)
2022-10-30T18:44:53.139692+0500 INFO (k,l) - координаты первого поля, (m,n) - второго. Введите соответствующие координаты (от 1 до 8) 
2022-10-30T18:44:55.765547+0500 INFO первая координата введена (info)
2022-10-30T18:44:55.766430+0500 INFO проверка на число:пройдена (info)
2022-10-30T18:44:56.848156+0500 INFO вторая координата введена (info)
2022-10-30T18:44:56.849191+0500 INFO проверка на число:пройдена (info)
2022-10-30T18:44:58.541176+0500 INFO третья координата введена (info)
2022-10-30T18:44:58.542173+0500 INFO проверка на число:пройдена (info)
2022-10-30T18:45:00.359243+0500 INFO четвёртая координата введена (info)
2022-10-30T18:45:00.359243+0500 INFO проверка на число:пройдена (info)
2022-10-30T18:45:00.359243+0500 INFO Поля не одного цвета (info)
2022-10-30T18:45:01.657349+0500 INFO номер фигуры введён (info)
2022-10-30T18:45:01.658029+0500 INFO проверка на число:пройдена (info)
2022-10-30T18:45:01.658029+0500 INFO Ферзь угрожает полю (m, n) (info)
2022-10-30T18:45:05.947966+0500 INFO номер фигуры введён (info)
2022-10-30T18:45:05.948857+0500 INFO проверка на число:пройдена (info)
2022-10-30T18:45:05.948857+0500 INFO одним ходом ладьи можно попасть на поле (m, n) (info)
2022-10-30T18:46:35.966527+0500 INFO (k,l) - координаты первого поля, (m,n) - второго. Введите соответствующие координаты (от 1 до 8) 
2022-10-30T18:46:42.966479+0500 INFO первая координата введена (info)
2022-10-30T18:46:42.967563+0500 ERROR проверка на число: не пройдена (error)
2022-10-30T18:46:48.041820+0500 INFO первая координата введена (info)
2022-10-30T18:46:48.042851+0500 ERROR проверка на число: не пройдена (error)
2022-10-30T18:46:50.224801+0500 INFO первая координата введена (info)
2022-10-30T18:46:50.224801+0500 INFO проверка на число:пройдена (info)
2022-10-30T18:46:51.927305+0500 INFO вторая координата введена (info)
2022-10-30T18:46:51.927889+0500 INFO проверка на число:пройдена (info)
2022-10-30T18:46:52.824632+0500 INFO третья координата введена (info)
2022-10-30T18:46:52.824632+0500 INFO проверка на число:пройдена (info)
2022-10-30T18:46:54.358390+0500 INFO четвёртая координата введена (info)
2022-10-30T18:46:54.358390+0500 INFO проверка на число:пройдена (info)
2022-10-30T18:46:54.359355+0500 INFO Поля одного цвета (info)
2022-10-30T18:46:57.978010+0500 INFO номер фигуры введён (info)
2022-10-30T18:46:57.978926+0500 ERROR проверка на число: не пройдена (error)
2022-10-30T18:47:02.280695+0500 INFO номер фигуры введён (info)
2022-10-30T18:47:02.280695+0500 INFO проверка на число:пройдена (info)
2022-10-30T18:47:02.281722+0500 INFO Конь НЕ угрожает полю (m, n) (info)
2022-10-30T18:47:05.395957+0500 INFO номер фигуры введён (info)
2022-10-30T18:47:05.396936+0500 ERROR проверка на число: не пройдена (error)
2022-10-30T18:47:08.787771+0500 INFO номер фигуры введён (info)
2022-10-30T18:47:08.788438+0500 INFO проверка на число:пройдена (info)
2022-10-30T18:47:08.788438+0500 INFO одним ходом слона можно попасть на поле (m, n) (info)
