2022-11-23T19:53:07.956338+0500 INFO ввод числа N (info)
2022-11-23T19:53:07.956338+0500 INFO проверка на число:пройдена (info)
2022-11-23T19:53:09.883963+0500 INFO ввод количества попыток(info)
2022-11-23T19:53:09.883963+0500 INFO проверка на число:пройдена (info)
2022-11-23T19:53:12.373767+0500 INFO ввод числа(info)
2022-11-23T19:53:12.373767+0500 INFO проверка на число:пройдена (info)
2022-11-23T19:53:12.374766+0500 INFO Число должно быть больше введённого (info)
2022-11-23T19:53:14.313564+0500 INFO ввод числа (info)
2022-11-23T19:53:14.314023+0500 INFO Вам удалось угадать число, в самом деле это 6 (info)
2022-11-23T19:55:32.576871+0500 INFO ввод числа N (info)
2022-11-23T19:55:32.577735+0500 INFO проверка на число:пройдена (info)
2022-11-23T19:55:34.084940+0500 INFO ввод количества попыток(info)
2022-11-23T19:55:34.084940+0500 INFO проверка на число:пройдена (info)
2022-11-23T19:55:35.953690+0500 INFO ввод числа(info)
2022-11-23T19:55:35.953690+0500 INFO проверка на число:пройдена (info)
2022-11-23T19:55:35.953690+0500 INFO Число должно быть меньше введённого (info)
2022-11-23T19:55:36.957467+0500 INFO ввод числа (info)
2022-11-23T19:55:36.957467+0500 INFO Число должно быть больше введённого (info)
2022-11-23T19:55:39.897426+0500 INFO ввод числа (info)
2022-11-23T19:55:39.897426+0500 INFO Вам удалось угадать число, в самом деле это 5 (info)
